<?xml version="1.0" encoding="UTF-8"?>
<testsuite name="AcademyChoucair" tests="1" skipped="0" failures="0" errors="0" timestamp="2021-01-22T00:31:10" hostname="DESKTOP-JFPLL6D" time="42.088">
  <properties/>
  <testcase name="Search for a automation course" classname="AcademyChoucair" time="42.088"/>
  <system-out><![CDATA[]]></system-out>
  <system-err><![CDATA[[Test worker] WARN net.thucydides.core.steps.BaseStepListener - stepStarted: net.thucydides.core.steps.ExecutedStepDescription@18a4bbe9
[Test worker] WARN net.thucydides.core.steps.BaseStepListener - stepStarted: net.thucydides.core.steps.ExecutedStepDescription@5f9ae146
[Test worker] WARN net.thucydides.core.steps.BaseStepListener - stepStarted: net.thucydides.core.steps.ExecutedStepDescription@4039131b
ene 21, 2021 7:31:12 PM org.openqa.selenium.remote.DesiredCapabilities chrome
INFORMACIÓN: Using `new ChromeOptions()` is preferred to `DesiredCapabilities.chrome()`
[Test worker] INFO net.serenitybdd.core.webdriver.driverproviders.ProvideNewDriver - Instantiating driver
[Test worker] INFO net.serenitybdd.core.webdriver.driverproviders.ProvideNewDriver - Driver capabilities: Capabilities {acceptInsecureCerts: false, browserName: chrome, chrome.switches: --start-maximized, goog:chromeOptions: {args: [--start-maximized], extensions: []}, loggingPrefs: org.openqa.selenium.logging..., platform: ANY, version: }
Starting ChromeDriver 88.0.4324.96 (68dba2d8a0b149a1d3afac56fa74648032bcf46b-refs/branch-heads/4324@{#1784}) on port 38896
Only local connections are allowed.
Please see https://chromedriver.chromium.org/security-considerations for suggestions on keeping ChromeDriver safe.
ChromeDriver was started successfully.
ene 21, 2021 7:31:21 PM org.openqa.selenium.remote.ProtocolHandshake createSession
INFORMACIÓN: Detected dialect: W3C
[Test worker] WARN net.thucydides.core.steps.BaseStepListener - stepFinished: current outcome:Search for a automation course:Given than brandon wants to learn automation at the academy Choucair [Brandon open up [Brandon opens the Choucair academy page]]
[Test worker] WARN net.thucydides.core.steps.BaseStepListener - stepFinished: current outcome:Search for a automation course:Given than brandon wants to learn automation at the academy Choucair [Brandon open up [Brandon opens the Choucair academy page]]
[Test worker] WARN net.thucydides.core.steps.BaseStepListener - stepStarted: net.thucydides.core.steps.ExecutedStepDescription@3e7602aa
[Test worker] WARN net.thucydides.core.steps.BaseStepListener - stepStarted: net.thucydides.core.steps.ExecutedStepDescription@2f9d465d
[Test worker] WARN net.thucydides.core.steps.BaseStepListener - stepFinished: current outcome:Search for a automation course:Given than brandon wants to learn automation at the academy Choucair [Brandon open up [Brandon opens the Choucair academy page], Brandon login [Brandon clicks on Button to Login in the page]]
[Test worker] WARN net.thucydides.core.steps.BaseStepListener - stepStarted: net.thucydides.core.steps.ExecutedStepDescription@6e64c857
[Test worker] WARN net.thucydides.core.steps.BaseStepListener - stepFinished: current outcome:Search for a automation course:Given than brandon wants to learn automation at the academy Choucair [Brandon open up [Brandon opens the Choucair academy page], Brandon login [Brandon clicks on Button to Login in the page, Brandon enters '1037616175' into Fill the user]]
[Test worker] WARN net.thucydides.core.steps.BaseStepListener - stepStarted: net.thucydides.core.steps.ExecutedStepDescription@46aa143c
[Test worker] WARN net.thucydides.core.steps.BaseStepListener - stepFinished: current outcome:Search for a automation course:Given than brandon wants to learn automation at the academy Choucair [Brandon open up [Brandon opens the Choucair academy page], Brandon login [Brandon clicks on Button to Login in the page, Brandon enters '1037616175' into Fill the user, Brandon enters 'Choucair2021*' into Fill he password]]
[Test worker] WARN net.thucydides.core.steps.BaseStepListener - stepStarted: net.thucydides.core.steps.ExecutedStepDescription@6bef0bbd
[Test worker] WARN net.thucydides.core.steps.BaseStepListener - stepFinished: current outcome:Search for a automation course:Given than brandon wants to learn automation at the academy Choucair [Brandon open up [Brandon opens the Choucair academy page], Brandon login [Brandon clicks on Button to Login in the page, Brandon enters '1037616175' into Fill the user, Brandon enters 'Choucair2021*' into Fill he password, Brandon clicks on Sign In button]]
[Test worker] WARN net.thucydides.core.steps.BaseStepListener - stepFinished: current outcome:Search for a automation course:Given than brandon wants to learn automation at the academy Choucair [Brandon open up [Brandon opens the Choucair academy page], Brandon login [Brandon clicks on Button to Login in the page, Brandon enters '1037616175' into Fill the user, Brandon enters 'Choucair2021*' into Fill he password, Brandon clicks on Sign In button]]
[Test worker] WARN net.thucydides.core.steps.BaseStepListener - stepFinished: current outcome:Search for a automation course:Given than brandon wants to learn automation at the academy Choucair [Brandon open up [Brandon opens the Choucair academy page], Brandon login [Brandon clicks on Button to Login in the page, Brandon enters '1037616175' into Fill the user, Brandon enters 'Choucair2021*' into Fill he password, Brandon clicks on Sign In button]]
[Test worker] WARN net.thucydides.core.steps.BaseStepListener - stepStarted: net.thucydides.core.steps.ExecutedStepDescription@4cf09dd1
[Test worker] WARN net.thucydides.core.steps.BaseStepListener - stepStarted: net.thucydides.core.steps.ExecutedStepDescription@2154423c
[Test worker] WARN net.thucydides.core.steps.BaseStepListener - stepStarted: net.thucydides.core.steps.ExecutedStepDescription@18727d1d
[Test worker] WARN net.thucydides.core.steps.BaseStepListener - stepFinished: current outcome:Search for a automation course:Given than brandon wants to learn automation at the academy Choucair [Brandon open up [Brandon opens the Choucair academy page], Brandon login [Brandon clicks on Button to Login in the page, Brandon enters '1037616175' into Fill the user, Brandon enters 'Choucair2021*' into Fill he password, Brandon clicks on Sign In button]], When he search for the course Recursos Automatizacion Bancolombia on the choucair academy platform [Brandon search [Brandon clicks on Image that represents Choucair Courses]]
[Test worker] WARN net.thucydides.core.steps.BaseStepListener - stepFinished: current outcome:Search for a automation course:Given than brandon wants to learn automation at the academy Choucair [Brandon open up [Brandon opens the Choucair academy page], Brandon login [Brandon clicks on Button to Login in the page, Brandon enters '1037616175' into Fill the user, Brandon enters 'Choucair2021*' into Fill he password, Brandon clicks on Sign In button]], When he search for the course Recursos Automatizacion Bancolombia on the choucair academy platform [Brandon search [Brandon clicks on Image that represents Choucair Courses]]
[Test worker] WARN net.thucydides.core.steps.BaseStepListener - stepFinished: current outcome:Search for a automation course:Given than brandon wants to learn automation at the academy Choucair [Brandon open up [Brandon opens the Choucair academy page], Brandon login [Brandon clicks on Button to Login in the page, Brandon enters '1037616175' into Fill the user, Brandon enters 'Choucair2021*' into Fill he password, Brandon clicks on Sign In button]], When he search for the course Recursos Automatizacion Bancolombia on the choucair academy platform [Brandon search [Brandon clicks on Image that represents Choucair Courses]]
[Test worker] WARN net.thucydides.core.steps.BaseStepListener - stepStarted: net.thucydides.core.steps.ExecutedStepDescription@49d0c483
[Test worker] WARN net.thucydides.core.steps.BaseStepListener - stepFinished: current outcome:Search for a automation course:Given than brandon wants to learn automation at the academy Choucair [Brandon open up [Brandon opens the Choucair academy page], Brandon login [Brandon clicks on Button to Login in the page, Brandon enters '1037616175' into Fill the user, Brandon enters 'Choucair2021*' into Fill he password, Brandon clicks on Sign In button]], When he search for the course Recursos Automatizacion Bancolombia on the choucair academy platform [Brandon search [Brandon clicks on Image that represents Choucair Courses]], Then he finds the course called resources Recursos Automatizacion Bancolombia
[Test worker] WARN net.thucydides.core.steps.BaseStepListener - testFinished: Search for a automation course:Given than brandon wants to learn automation at the academy Choucair [Brandon open up [Brandon opens the Choucair academy page], Brandon login [Brandon clicks on Button to Login in the page, Brandon enters '1037616175' into Fill the user, Brandon enters 'Choucair2021*' into Fill he password, Brandon clicks on Sign In button]], When he search for the course Recursos Automatizacion Bancolombia on the choucair academy platform [Brandon search [Brandon clicks on Image that represents Choucair Courses]], Then he finds the course called resources Recursos Automatizacion Bancolombia
[Test worker] WARN net.thucydides.core.steps.BaseStepListener - TestOutcomes: [Search for a automation course:Given than brandon wants to learn automation at the academy Choucair [Brandon open up [Brandon opens the Choucair academy page], Brandon login [Brandon clicks on Button to Login in the page, Brandon enters '1037616175' into Fill the user, Brandon enters 'Choucair2021*' into Fill he password, Brandon clicks on Sign In button]], When he search for the course Recursos Automatizacion Bancolombia on the choucair academy platform [Brandon search [Brandon clicks on Image that represents Choucair Courses]], Then he finds the course called resources Recursos Automatizacion Bancolombia]
[Test worker] WARN net.thucydides.core.steps.BaseStepListener - Final testOutcomes: [Search for a automation course:Given than brandon wants to learn automation at the academy Choucair [Brandon open up [Brandon opens the Choucair academy page], Brandon login [Brandon clicks on Button to Login in the page, Brandon enters '1037616175' into Fill the user, Brandon enters 'Choucair2021*' into Fill he password, Brandon clicks on Sign In button]], When he search for the course Recursos Automatizacion Bancolombia on the choucair academy platform [Brandon search [Brandon clicks on Image that represents Choucair Courses]], Then he finds the course called resources Recursos Automatizacion Bancolombia]
[Test worker] INFO net.thucydides.core.steps.ConsoleLoggingListener - 
        __    _____ _____ ____ _____   ____   _    ____  ____  _____ ____  
  _     \ \  |_   _| ____/ ___|_   _| |  _ \ / \  / ___|/ ___|| ____|  _ \ 
 (_)_____| |   | | |  _| \___ \ | |   | |_) / _ \ \___ \\___ \|  _| | | | |
  _|_____| |   | | | |___ ___) || |   |  __/ ___ \ ___) |___) | |___| |_| |
 (_)     | |   |_| |_____|____/ |_|   |_| /_/   \_\____/|____/|_____|____/ 
        /_/                                                                

TEST PASSED: Search for a automation course
----------------------------------------------------------------------------
]]></system-err>
</testsuite>
