<?xml version="1.0" encoding="UTF-8"?>
<testsuite name="AcademyChoucair" tests="1" skipped="0" failures="0" errors="0" timestamp="2021-01-22T23:00:36" hostname="DESKTOP-JFPLL6D" time="38.63">
  <properties/>
  <testcase name="Search for a automation course" classname="AcademyChoucair" time="38.63"/>
  <system-out><![CDATA[]]></system-out>
  <system-err><![CDATA[[Test worker] WARN net.thucydides.core.steps.BaseStepListener - stepStarted: net.thucydides.core.steps.ExecutedStepDescription@171c286e
[Test worker] WARN net.thucydides.core.steps.BaseStepListener - stepStarted: net.thucydides.core.steps.ExecutedStepDescription@643eac1f
[Test worker] WARN net.thucydides.core.steps.BaseStepListener - stepStarted: net.thucydides.core.steps.ExecutedStepDescription@16d0ce3c
ene 22, 2021 6:00:37 PM org.openqa.selenium.remote.DesiredCapabilities chrome
INFORMACIÓN: Using `new ChromeOptions()` is preferred to `DesiredCapabilities.chrome()`
[Test worker] INFO net.serenitybdd.core.webdriver.driverproviders.ProvideNewDriver - Instantiating driver
[Test worker] INFO net.serenitybdd.core.webdriver.driverproviders.ProvideNewDriver - Driver capabilities: Capabilities {acceptInsecureCerts: false, browserName: chrome, chrome.switches: --start-maximized, goog:chromeOptions: {args: [--start-maximized], extensions: []}, loggingPrefs: org.openqa.selenium.logging..., platform: ANY, version: }
Starting ChromeDriver 88.0.4324.96 (68dba2d8a0b149a1d3afac56fa74648032bcf46b-refs/branch-heads/4324@{#1784}) on port 41390
Only local connections are allowed.
Please see https://chromedriver.chromium.org/security-considerations for suggestions on keeping ChromeDriver safe.
ChromeDriver was started successfully.
ene 22, 2021 6:00:44 PM org.openqa.selenium.remote.ProtocolHandshake createSession
INFORMACIÓN: Detected dialect: W3C
[Test worker] WARN net.thucydides.core.steps.BaseStepListener - stepFinished: current outcome:Search for a automation course:Given than brandon wants to learn automation at the academy Choucair
| strUser | strPassword |
| 1037616175 | Choucair2021* | [Brandon open up [Brandon opens the Choucair academy page]]
[Test worker] WARN net.thucydides.core.steps.BaseStepListener - stepFinished: current outcome:Search for a automation course:Given than brandon wants to learn automation at the academy Choucair
| strUser | strPassword |
| 1037616175 | Choucair2021* | [Brandon open up [Brandon opens the Choucair academy page]]
[Test worker] WARN net.thucydides.core.steps.BaseStepListener - stepStarted: net.thucydides.core.steps.ExecutedStepDescription@25cf1bad
[Test worker] WARN net.thucydides.core.steps.BaseStepListener - stepStarted: net.thucydides.core.steps.ExecutedStepDescription@431e12a0
[Test worker] WARN net.thucydides.core.steps.BaseStepListener - stepFinished: current outcome:Search for a automation course:Given than brandon wants to learn automation at the academy Choucair
| strUser | strPassword |
| 1037616175 | Choucair2021* | [Brandon open up [Brandon opens the Choucair academy page], Brandon login [Brandon clicks on Button to Login in the page]]
[Test worker] WARN net.thucydides.core.steps.BaseStepListener - stepStarted: net.thucydides.core.steps.ExecutedStepDescription@424d9434
[Test worker] WARN net.thucydides.core.steps.BaseStepListener - stepFinished: current outcome:Search for a automation course:Given than brandon wants to learn automation at the academy Choucair
| strUser | strPassword |
| 1037616175 | Choucair2021* | [Brandon open up [Brandon opens the Choucair academy page], Brandon login [Brandon clicks on Button to Login in the page, Brandon enters '1037616175' into Fill the user]]
[Test worker] WARN net.thucydides.core.steps.BaseStepListener - stepStarted: net.thucydides.core.steps.ExecutedStepDescription@7598b103
[Test worker] WARN net.thucydides.core.steps.BaseStepListener - stepFinished: current outcome:Search for a automation course:Given than brandon wants to learn automation at the academy Choucair
| strUser | strPassword |
| 1037616175 | Choucair2021* | [Brandon open up [Brandon opens the Choucair academy page], Brandon login [Brandon clicks on Button to Login in the page, Brandon enters '1037616175' into Fill the user, Brandon enters 'Choucair2021*' into Fill he password]]
[Test worker] WARN net.thucydides.core.steps.BaseStepListener - stepStarted: net.thucydides.core.steps.ExecutedStepDescription@165e818
[Test worker] WARN net.thucydides.core.steps.BaseStepListener - stepFinished: current outcome:Search for a automation course:Given than brandon wants to learn automation at the academy Choucair
| strUser | strPassword |
| 1037616175 | Choucair2021* | [Brandon open up [Brandon opens the Choucair academy page], Brandon login [Brandon clicks on Button to Login in the page, Brandon enters '1037616175' into Fill the user, Brandon enters 'Choucair2021*' into Fill he password, Brandon clicks on Sign In button]]
[Test worker] WARN net.thucydides.core.steps.BaseStepListener - stepFinished: current outcome:Search for a automation course:Given than brandon wants to learn automation at the academy Choucair
| strUser | strPassword |
| 1037616175 | Choucair2021* | [Brandon open up [Brandon opens the Choucair academy page], Brandon login [Brandon clicks on Button to Login in the page, Brandon enters '1037616175' into Fill the user, Brandon enters 'Choucair2021*' into Fill he password, Brandon clicks on Sign In button]]
[Test worker] WARN net.thucydides.core.steps.BaseStepListener - stepFinished: current outcome:Search for a automation course:Given than brandon wants to learn automation at the academy Choucair
| strUser | strPassword |
| 1037616175 | Choucair2021* | [Brandon open up [Brandon opens the Choucair academy page], Brandon login [Brandon clicks on Button to Login in the page, Brandon enters '1037616175' into Fill the user, Brandon enters 'Choucair2021*' into Fill he password, Brandon clicks on Sign In button]]
[Test worker] WARN net.thucydides.core.steps.BaseStepListener - stepStarted: net.thucydides.core.steps.ExecutedStepDescription@6bc86295
[Test worker] WARN net.thucydides.core.steps.BaseStepListener - stepStarted: net.thucydides.core.steps.ExecutedStepDescription@7fb9e3a7
[Test worker] WARN net.thucydides.core.steps.BaseStepListener - stepStarted: net.thucydides.core.steps.ExecutedStepDescription@2780206
[Test worker] WARN net.thucydides.core.steps.BaseStepListener - stepFinished: current outcome:Search for a automation course:Given than brandon wants to learn automation at the academy Choucair
| strUser | strPassword |
| 1037616175 | Choucair2021* | [Brandon open up [Brandon opens the Choucair academy page], Brandon login [Brandon clicks on Button to Login in the page, Brandon enters '1037616175' into Fill the user, Brandon enters 'Choucair2021*' into Fill he password, Brandon clicks on Sign In button]], When he search for the course on the choucair academy platform
| strCourse |
| Prueba Técnica - Analista Bancolombia | [Brandon search [Brandon clicks on Image that represents Choucair Courses]]
[Test worker] WARN net.thucydides.core.steps.BaseStepListener - stepStarted: net.thucydides.core.steps.ExecutedStepDescription@436889b7
[Test worker] WARN net.thucydides.core.steps.BaseStepListener - stepFinished: current outcome:Search for a automation course:Given than brandon wants to learn automation at the academy Choucair
| strUser | strPassword |
| 1037616175 | Choucair2021* | [Brandon open up [Brandon opens the Choucair academy page], Brandon login [Brandon clicks on Button to Login in the page, Brandon enters '1037616175' into Fill the user, Brandon enters 'Choucair2021*' into Fill he password, Brandon clicks on Sign In button]], When he search for the course on the choucair academy platform
| strCourse |
| Prueba Técnica - Analista Bancolombia | [Brandon search [Brandon clicks on Image that represents Choucair Courses, Brandon enters 'Prueba Técnica - Analista Bancolombia' into Identify Text course ]]
[Test worker] WARN net.thucydides.core.steps.BaseStepListener - stepStarted: net.thucydides.core.steps.ExecutedStepDescription@36fd8bea
[Test worker] WARN net.thucydides.core.steps.BaseStepListener - stepFinished: current outcome:Search for a automation course:Given than brandon wants to learn automation at the academy Choucair
| strUser | strPassword |
| 1037616175 | Choucair2021* | [Brandon open up [Brandon opens the Choucair academy page], Brandon login [Brandon clicks on Button to Login in the page, Brandon enters '1037616175' into Fill the user, Brandon enters 'Choucair2021*' into Fill he password, Brandon clicks on Sign In button]], When he search for the course on the choucair academy platform
| strCourse |
| Prueba Técnica - Analista Bancolombia | [Brandon search [Brandon clicks on Image that represents Choucair Courses, Brandon enters 'Prueba Técnica - Analista Bancolombia' into Identify Text course , Brandon clicks on button to start the search]]
[Test worker] WARN net.thucydides.core.steps.BaseStepListener - stepFinished: current outcome:Search for a automation course:Given than brandon wants to learn automation at the academy Choucair
| strUser | strPassword |
| 1037616175 | Choucair2021* | [Brandon open up [Brandon opens the Choucair academy page], Brandon login [Brandon clicks on Button to Login in the page, Brandon enters '1037616175' into Fill the user, Brandon enters 'Choucair2021*' into Fill he password, Brandon clicks on Sign In button]], When he search for the course on the choucair academy platform
| strCourse |
| Prueba Técnica - Analista Bancolombia | [Brandon search [Brandon clicks on Image that represents Choucair Courses, Brandon enters 'Prueba Técnica - Analista Bancolombia' into Identify Text course , Brandon clicks on button to start the search]]
[Test worker] WARN net.thucydides.core.steps.BaseStepListener - stepFinished: current outcome:Search for a automation course:Given than brandon wants to learn automation at the academy Choucair
| strUser | strPassword |
| 1037616175 | Choucair2021* | [Brandon open up [Brandon opens the Choucair academy page], Brandon login [Brandon clicks on Button to Login in the page, Brandon enters '1037616175' into Fill the user, Brandon enters 'Choucair2021*' into Fill he password, Brandon clicks on Sign In button]], When he search for the course on the choucair academy platform
| strCourse |
| Prueba Técnica - Analista Bancolombia | [Brandon search [Brandon clicks on Image that represents Choucair Courses, Brandon enters 'Prueba Técnica - Analista Bancolombia' into Identify Text course , Brandon clicks on button to start the search]]
[Test worker] WARN net.thucydides.core.steps.BaseStepListener - stepStarted: net.thucydides.core.steps.ExecutedStepDescription@51157ee0
[Test worker] WARN net.thucydides.core.steps.BaseStepListener - stepStarted: net.thucydides.core.steps.ExecutedStepDescription@1ae167fb
[Test worker] WARN net.thucydides.core.steps.BaseStepListener - stepFinished: current outcome:Search for a automation course:Given than brandon wants to learn automation at the academy Choucair
| strUser | strPassword |
| 1037616175 | Choucair2021* | [Brandon open up [Brandon opens the Choucair academy page], Brandon login [Brandon clicks on Button to Login in the page, Brandon enters '1037616175' into Fill the user, Brandon enters 'Choucair2021*' into Fill he password, Brandon clicks on Sign In button]], When he search for the course on the choucair academy platform
| strCourse |
| Prueba Técnica - Analista Bancolombia | [Brandon search [Brandon clicks on Image that represents Choucair Courses, Brandon enters 'Prueba Técnica - Analista Bancolombia' into Identify Text course , Brandon clicks on button to start the search]], Then he finds the course called resources
| strCourse |
| Prueba Técnica - Analista Bancolombia | [Then answer]
[Test worker] WARN net.thucydides.core.steps.BaseStepListener - stepFinished: current outcome:Search for a automation course:Given than brandon wants to learn automation at the academy Choucair
| strUser | strPassword |
| 1037616175 | Choucair2021* | [Brandon open up [Brandon opens the Choucair academy page], Brandon login [Brandon clicks on Button to Login in the page, Brandon enters '1037616175' into Fill the user, Brandon enters 'Choucair2021*' into Fill he password, Brandon clicks on Sign In button]], When he search for the course on the choucair academy platform
| strCourse |
| Prueba Técnica - Analista Bancolombia | [Brandon search [Brandon clicks on Image that represents Choucair Courses, Brandon enters 'Prueba Técnica - Analista Bancolombia' into Identify Text course , Brandon clicks on button to start the search]], Then he finds the course called resources
| strCourse |
| Prueba Técnica - Analista Bancolombia | [Then answer]
[Test worker] WARN net.thucydides.core.steps.BaseStepListener - testFinished: Search for a automation course:Given than brandon wants to learn automation at the academy Choucair
| strUser | strPassword |
| 1037616175 | Choucair2021* | [Brandon open up [Brandon opens the Choucair academy page], Brandon login [Brandon clicks on Button to Login in the page, Brandon enters '1037616175' into Fill the user, Brandon enters 'Choucair2021*' into Fill he password, Brandon clicks on Sign In button]], When he search for the course on the choucair academy platform
| strCourse |
| Prueba Técnica - Analista Bancolombia | [Brandon search [Brandon clicks on Image that represents Choucair Courses, Brandon enters 'Prueba Técnica - Analista Bancolombia' into Identify Text course , Brandon clicks on button to start the search]], Then he finds the course called resources
| strCourse |
| Prueba Técnica - Analista Bancolombia | [Then answer]
[Test worker] WARN net.thucydides.core.steps.BaseStepListener - TestOutcomes: [Search for a automation course:Given than brandon wants to learn automation at the academy Choucair
| strUser | strPassword |
| 1037616175 | Choucair2021* | [Brandon open up [Brandon opens the Choucair academy page], Brandon login [Brandon clicks on Button to Login in the page, Brandon enters '1037616175' into Fill the user, Brandon enters 'Choucair2021*' into Fill he password, Brandon clicks on Sign In button]], When he search for the course on the choucair academy platform
| strCourse |
| Prueba Técnica - Analista Bancolombia | [Brandon search [Brandon clicks on Image that represents Choucair Courses, Brandon enters 'Prueba Técnica - Analista Bancolombia' into Identify Text course , Brandon clicks on button to start the search]], Then he finds the course called resources
| strCourse |
| Prueba Técnica - Analista Bancolombia | [Then answer]]
[Test worker] WARN net.thucydides.core.steps.BaseStepListener - Final testOutcomes: [Search for a automation course:Given than brandon wants to learn automation at the academy Choucair
| strUser | strPassword |
| 1037616175 | Choucair2021* | [Brandon open up [Brandon opens the Choucair academy page], Brandon login [Brandon clicks on Button to Login in the page, Brandon enters '1037616175' into Fill the user, Brandon enters 'Choucair2021*' into Fill he password, Brandon clicks on Sign In button]], When he search for the course on the choucair academy platform
| strCourse |
| Prueba Técnica - Analista Bancolombia | [Brandon search [Brandon clicks on Image that represents Choucair Courses, Brandon enters 'Prueba Técnica - Analista Bancolombia' into Identify Text course , Brandon clicks on button to start the search]], Then he finds the course called resources
| strCourse |
| Prueba Técnica - Analista Bancolombia | [Then answer]]
[Test worker] INFO net.thucydides.core.steps.ConsoleLoggingListener - 
        __    _____ _____ ____ _____   ____   _    ____  ____  _____ ____  
  _     \ \  |_   _| ____/ ___|_   _| |  _ \ / \  / ___|/ ___|| ____|  _ \ 
 (_)_____| |   | | |  _| \___ \ | |   | |_) / _ \ \___ \\___ \|  _| | | | |
  _|_____| |   | | | |___ ___) || |   |  __/ ___ \ ___) |___) | |___| |_| |
 (_)     | |   |_| |_____|____/ |_|   |_| /_/   \_\____/|____/|_____|____/ 
        /_/                                                                

TEST PASSED: Search for a automation course
----------------------------------------------------------------------------
]]></system-err>
</testsuite>
